2019-06-18 22:47:31.091  INFO 5615 --- [restartedMain] com.renhe.PhoneCubeApplication           : Starting PhoneCubeApplication on jinchaoyangdeMacBook-Pro.local with PID 5615 (/Users/jinchaoyang/Workspaces/PetBanny/phone-cube/target/classes started by jinchaoyang in /Users/jinchaoyang/Workspaces/PetBanny/phone-cube)
2019-06-18 22:47:31.101  INFO 5615 --- [restartedMain] com.renhe.PhoneCubeApplication           : No active profile set, falling back to default profiles: default
2019-06-18 22:47:31.546  INFO 5615 --- [restartedMain] ConfigServletWebServerApplicationContext : Refreshing org.springframework.boot.web.servlet.context.AnnotationConfigServletWebServerApplicationContext@416c7fde: startup date [Tue Jun 18 22:47:31 CST 2019]; root of context hierarchy
2019-06-18 22:47:32.679  INFO 5615 --- [restartedMain] .s.d.r.c.RepositoryConfigurationDelegate : Multiple Spring Data modules found, entering strict repository configuration mode!
2019-06-18 22:47:33.976  INFO 5615 --- [restartedMain] o.s.b.w.embedded.tomcat.TomcatWebServer  : Tomcat initialized with port(s): 8080 (http)
2019-06-18 22:47:34.047  INFO 5615 --- [restartedMain] o.apache.catalina.core.StandardService   : Starting service [Tomcat]
2019-06-18 22:47:34.047  INFO 5615 --- [restartedMain] org.apache.catalina.core.StandardEngine  : Starting Servlet Engine: Apache Tomcat/8.5.31
2019-06-18 22:47:34.052  INFO 5615 --- [localhost-startStop-1] o.a.catalina.core.AprLifecycleListener   : The APR based Apache Tomcat Native library which allows optimal performance in production environments was not found on the java.library.path: [/Users/jinchaoyang/Library/Java/Extensions:/Library/Java/Extensions:/Network/Library/Java/Extensions:/System/Library/Java/Extensions:/usr/lib/java:.]
2019-06-18 22:47:34.147  INFO 5615 --- [localhost-startStop-1] o.a.c.c.C.[Tomcat].[localhost].[/]       : Initializing Spring embedded WebApplicationContext
2019-06-18 22:47:34.148  INFO 5615 --- [localhost-startStop-1] o.s.web.context.ContextLoader            : Root WebApplicationContext: initialization completed in 2602 ms
2019-06-18 22:47:34.423  INFO 5615 --- [localhost-startStop-1] o.s.b.w.servlet.ServletRegistrationBean  : Servlet dispatcherServlet mapped to [/]
2019-06-18 22:47:34.429  INFO 5615 --- [localhost-startStop-1] o.s.b.w.servlet.FilterRegistrationBean   : Mapping filter: 'characterEncodingFilter' to: [/*]
2019-06-18 22:47:34.430  INFO 5615 --- [localhost-startStop-1] o.s.b.w.servlet.FilterRegistrationBean   : Mapping filter: 'hiddenHttpMethodFilter' to: [/*]
2019-06-18 22:47:34.430  INFO 5615 --- [localhost-startStop-1] o.s.b.w.servlet.FilterRegistrationBean   : Mapping filter: 'httpPutFormContentFilter' to: [/*]
2019-06-18 22:47:34.430  INFO 5615 --- [localhost-startStop-1] o.s.b.w.servlet.FilterRegistrationBean   : Mapping filter: 'requestContextFilter' to: [/*]
2019-06-18 22:47:35.080  INFO 5615 --- [restartedMain] o.s.w.s.handler.SimpleUrlHandlerMapping  : Mapped URL path [/**/favicon.ico] onto handler of type [class org.springframework.web.servlet.resource.ResourceHttpRequestHandler]
2019-06-18 22:47:35.427  INFO 5615 --- [restartedMain] s.w.s.m.m.a.RequestMappingHandlerAdapter : Looking for @ControllerAdvice: org.springframework.boot.web.servlet.context.AnnotationConfigServletWebServerApplicationContext@416c7fde: startup date [Tue Jun 18 22:47:31 CST 2019]; root of context hierarchy
2019-06-18 22:47:35.504  INFO 5615 --- [restartedMain] s.w.s.m.m.a.RequestMappingHandlerMapping : Mapped "{[/],methods=[GET]}" onto public java.lang.String com.renhe.controller.ApplicationController.index()
2019-06-18 22:47:35.512  INFO 5615 --- [restartedMain] s.w.s.m.m.a.RequestMappingHandlerMapping : Mapped "{[/api/v1.0/black/check],methods=[POST]}" onto public com.alibaba.fastjson.JSONObject com.renhe.controller.BlackListController.check(javax.servlet.http.HttpServletRequest)
2019-06-18 22:47:35.513  INFO 5615 --- [restartedMain] s.w.s.m.m.a.RequestMappingHandlerMapping : Mapped "{[/api/v1.0/black/verify],methods=[GET]}" onto public com.renhe.base.Result<com.alibaba.fastjson.JSONObject> com.renhe.controller.BlackListController.verify(java.lang.String)
2019-06-18 22:47:35.513  INFO 5615 --- [restartedMain] s.w.s.m.m.a.RequestMappingHandlerMapping : Mapped "{[/api/v1.0/black/batchVerify],methods=[GET]}" onto public com.renhe.base.Result<com.alibaba.fastjson.JSONObject> com.renhe.controller.BlackListController.batchVerify(java.lang.String)
2019-06-18 22:47:35.515  INFO 5615 --- [restartedMain] s.w.s.m.m.a.RequestMappingHandlerMapping : Mapped "{[/phone/download],methods=[GET]}" onto public org.springframework.http.ResponseEntity<byte[]> com.renhe.controller.PhoneController.download(java.lang.String)
2019-06-18 22:47:35.516  INFO 5615 --- [restartedMain] s.w.s.m.m.a.RequestMappingHandlerMapping : Mapped "{[/phone/upload],methods=[POST],produces=[application/json;charset=UTF-8]}" onto public java.lang.String com.renhe.controller.PhoneController.upload(org.springframework.web.multipart.MultipartFile,java.lang.String)
2019-06-18 22:47:35.518  INFO 5615 --- [restartedMain] s.w.s.m.m.a.RequestMappingHandlerMapping : Mapped "{[/error]}" onto public org.springframework.http.ResponseEntity<java.util.Map<java.lang.String, java.lang.Object>> org.springframework.boot.autoconfigure.web.servlet.error.BasicErrorController.error(javax.servlet.http.HttpServletRequest)
2019-06-18 22:47:35.519  INFO 5615 --- [restartedMain] s.w.s.m.m.a.RequestMappingHandlerMapping : Mapped "{[/error],produces=[text/html]}" onto public org.springframework.web.servlet.ModelAndView org.springframework.boot.autoconfigure.web.servlet.error.BasicErrorController.errorHtml(javax.servlet.http.HttpServletRequest,javax.servlet.http.HttpServletResponse)
2019-06-18 22:47:35.552  INFO 5615 --- [restartedMain] o.s.w.s.handler.SimpleUrlHandlerMapping  : Mapped URL path [/webjars/**] onto handler of type [class org.springframework.web.servlet.resource.ResourceHttpRequestHandler]
2019-06-18 22:47:35.552  INFO 5615 --- [restartedMain] o.s.w.s.handler.SimpleUrlHandlerMapping  : Mapped URL path [/static/**] onto handler of type [class org.springframework.web.servlet.resource.ResourceHttpRequestHandler]
2019-06-18 22:47:35.779  INFO 5615 --- [restartedMain] o.s.b.a.w.s.WelcomePageHandlerMapping    : Adding welcome page template: index
2019-06-18 22:47:36.146  INFO 5615 --- [restartedMain] o.s.b.d.a.OptionalLiveReloadServer       : LiveReload server is running on port 35729
2019-06-18 22:47:36.211  INFO 5615 --- [restartedMain] o.s.j.e.a.AnnotationMBeanExporter        : Registering beans for JMX exposure on startup
2019-06-18 22:47:36.275  INFO 5615 --- [restartedMain] o.s.b.w.embedded.tomcat.TomcatWebServer  : Tomcat started on port(s): 8080 (http) with context path ''
2019-06-18 22:47:36.284  INFO 5615 --- [restartedMain] com.renhe.PhoneCubeApplication           : Started PhoneCubeApplication in 6.243 seconds (JVM running for 8.611)
2019-06-18 22:47:54.584  INFO 5615 --- [http-nio-8080-exec-1] o.a.c.c.C.[Tomcat].[localhost].[/]       : Initializing Spring FrameworkServlet 'dispatcherServlet'
2019-06-18 22:47:54.584  INFO 5615 --- [http-nio-8080-exec-1] o.s.web.servlet.DispatcherServlet        : FrameworkServlet 'dispatcherServlet': initialization started
2019-06-18 22:47:54.614  INFO 5615 --- [http-nio-8080-exec-1] o.s.web.servlet.DispatcherServlet        : FrameworkServlet 'dispatcherServlet': initialization completed in 30 ms
2019-06-18 22:53:00.803  INFO 5615 --- [Thread-23] ConfigServletWebServerApplicationContext : Closing org.springframework.boot.web.servlet.context.AnnotationConfigServletWebServerApplicationContext@416c7fde: startup date [Tue Jun 18 22:47:31 CST 2019]; root of context hierarchy
2019-06-18 22:53:08.624  INFO 5641 --- [restartedMain] com.renhe.PhoneCubeApplication           : Starting PhoneCubeApplication on jinchaoyangdeMacBook-Pro.local with PID 5641 (/Users/jinchaoyang/Workspaces/PetBanny/phone-cube/target/classes started by jinchaoyang in /Users/jinchaoyang/Workspaces/PetBanny/phone-cube)
2019-06-18 22:53:08.630  INFO 5641 --- [restartedMain] com.renhe.PhoneCubeApplication           : No active profile set, falling back to default profiles: default
2019-06-18 22:53:09.330  INFO 5641 --- [restartedMain] ConfigServletWebServerApplicationContext : Refreshing org.springframework.boot.web.servlet.context.AnnotationConfigServletWebServerApplicationContext@3a7e27ca: startup date [Tue Jun 18 22:53:09 CST 2019]; root of context hierarchy
2019-06-18 22:53:11.215  INFO 5641 --- [restartedMain] .s.d.r.c.RepositoryConfigurationDelegate : Multiple Spring Data modules found, entering strict repository configuration mode!
2019-06-18 22:53:12.567  INFO 5641 --- [restartedMain] o.s.b.w.embedded.tomcat.TomcatWebServer  : Tomcat initialized with port(s): 8080 (http)
2019-06-18 22:53:12.607  INFO 5641 --- [restartedMain] o.apache.catalina.core.StandardService   : Starting service [Tomcat]
2019-06-18 22:53:12.608  INFO 5641 --- [restartedMain] org.apache.catalina.core.StandardEngine  : Starting Servlet Engine: Apache Tomcat/8.5.31
2019-06-18 22:53:12.616  INFO 5641 --- [localhost-startStop-1] o.a.catalina.core.AprLifecycleListener   : The APR based Apache Tomcat Native library which allows optimal performance in production environments was not found on the java.library.path: [/Users/jinchaoyang/Library/Java/Extensions:/Library/Java/Extensions:/Network/Library/Java/Extensions:/System/Library/Java/Extensions:/usr/lib/java:.]
2019-06-18 22:53:12.733  INFO 5641 --- [localhost-startStop-1] o.a.c.c.C.[Tomcat].[localhost].[/]       : Initializing Spring embedded WebApplicationContext
2019-06-18 22:53:12.734  INFO 5641 --- [localhost-startStop-1] o.s.web.context.ContextLoader            : Root WebApplicationContext: initialization completed in 3403 ms
2019-06-18 22:53:12.957  INFO 5641 --- [localhost-startStop-1] o.s.b.w.servlet.ServletRegistrationBean  : Servlet dispatcherServlet mapped to [/]
2019-06-18 22:53:12.965  INFO 5641 --- [localhost-startStop-1] o.s.b.w.servlet.FilterRegistrationBean   : Mapping filter: 'characterEncodingFilter' to: [/*]
2019-06-18 22:53:12.965  INFO 5641 --- [localhost-startStop-1] o.s.b.w.servlet.FilterRegistrationBean   : Mapping filter: 'hiddenHttpMethodFilter' to: [/*]
2019-06-18 22:53:12.965  INFO 5641 --- [localhost-startStop-1] o.s.b.w.servlet.FilterRegistrationBean   : Mapping filter: 'httpPutFormContentFilter' to: [/*]
2019-06-18 22:53:12.965  INFO 5641 --- [localhost-startStop-1] o.s.b.w.servlet.FilterRegistrationBean   : Mapping filter: 'requestContextFilter' to: [/*]
2019-06-18 22:53:13.680  INFO 5641 --- [restartedMain] o.s.w.s.handler.SimpleUrlHandlerMapping  : Mapped URL path [/**/favicon.ico] onto handler of type [class org.springframework.web.servlet.resource.ResourceHttpRequestHandler]
2019-06-18 22:53:14.087  INFO 5641 --- [restartedMain] s.w.s.m.m.a.RequestMappingHandlerAdapter : Looking for @ControllerAdvice: org.springframework.boot.web.servlet.context.AnnotationConfigServletWebServerApplicationContext@3a7e27ca: startup date [Tue Jun 18 22:53:09 CST 2019]; root of context hierarchy
2019-06-18 22:53:14.185  INFO 5641 --- [restartedMain] s.w.s.m.m.a.RequestMappingHandlerMapping : Mapped "{[/],methods=[GET]}" onto public java.lang.String com.renhe.controller.ApplicationController.index()
2019-06-18 22:53:14.196  INFO 5641 --- [restartedMain] s.w.s.m.m.a.RequestMappingHandlerMapping : Mapped "{[/api/v1.0/black/check],methods=[POST]}" onto public com.alibaba.fastjson.JSONObject com.renhe.controller.BlackListController.check(javax.servlet.http.HttpServletRequest,java.io.BufferedReader)
2019-06-18 22:53:14.197  INFO 5641 --- [restartedMain] s.w.s.m.m.a.RequestMappingHandlerMapping : Mapped "{[/api/v1.0/black/verify],methods=[GET]}" onto public com.renhe.base.Result<com.alibaba.fastjson.JSONObject> com.renhe.controller.BlackListController.verify(java.lang.String)
2019-06-18 22:53:14.198  INFO 5641 --- [restartedMain] s.w.s.m.m.a.RequestMappingHandlerMapping : Mapped "{[/api/v1.0/black/batchVerify],methods=[GET]}" onto public com.renhe.base.Result<com.alibaba.fastjson.JSONObject> com.renhe.controller.BlackListController.batchVerify(java.lang.String)
2019-06-18 22:53:14.202  INFO 5641 --- [restartedMain] s.w.s.m.m.a.RequestMappingHandlerMapping : Mapped "{[/phone/download],methods=[GET]}" onto public org.springframework.http.ResponseEntity<byte[]> com.renhe.controller.PhoneController.download(java.lang.String)
2019-06-18 22:53:14.203  INFO 5641 --- [restartedMain] s.w.s.m.m.a.RequestMappingHandlerMapping : Mapped "{[/phone/upload],methods=[POST],produces=[application/json;charset=UTF-8]}" onto public java.lang.String com.renhe.controller.PhoneController.upload(org.springframework.web.multipart.MultipartFile,java.lang.String)
2019-06-18 22:53:14.210  INFO 5641 --- [restartedMain] s.w.s.m.m.a.RequestMappingHandlerMapping : Mapped "{[/error]}" onto public org.springframework.http.ResponseEntity<java.util.Map<java.lang.String, java.lang.Object>> org.springframework.boot.autoconfigure.web.servlet.error.BasicErrorController.error(javax.servlet.http.HttpServletRequest)
2019-06-18 22:53:14.210  INFO 5641 --- [restartedMain] s.w.s.m.m.a.RequestMappingHandlerMapping : Mapped "{[/error],produces=[text/html]}" onto public org.springframework.web.servlet.ModelAndView org.springframework.boot.autoconfigure.web.servlet.error.BasicErrorController.errorHtml(javax.servlet.http.HttpServletRequest,javax.servlet.http.HttpServletResponse)
2019-06-18 22:53:14.245  INFO 5641 --- [restartedMain] o.s.w.s.handler.SimpleUrlHandlerMapping  : Mapped URL path [/webjars/**] onto handler of type [class org.springframework.web.servlet.resource.ResourceHttpRequestHandler]
2019-06-18 22:53:14.245  INFO 5641 --- [restartedMain] o.s.w.s.handler.SimpleUrlHandlerMapping  : Mapped URL path [/static/**] onto handler of type [class org.springframework.web.servlet.resource.ResourceHttpRequestHandler]
2019-06-18 22:53:14.471  INFO 5641 --- [restartedMain] o.s.b.a.w.s.WelcomePageHandlerMapping    : Adding welcome page template: index
2019-06-18 22:53:14.903  INFO 5641 --- [restartedMain] o.s.b.d.a.OptionalLiveReloadServer       : LiveReload server is running on port 35729
2019-06-18 22:53:14.957  INFO 5641 --- [restartedMain] o.s.j.e.a.AnnotationMBeanExporter        : Registering beans for JMX exposure on startup
2019-06-18 22:53:15.095  INFO 5641 --- [restartedMain] o.s.b.w.embedded.tomcat.TomcatWebServer  : Tomcat started on port(s): 8080 (http) with context path ''
2019-06-18 22:53:15.104  INFO 5641 --- [restartedMain] com.renhe.PhoneCubeApplication           : Started PhoneCubeApplication in 7.664 seconds (JVM running for 9.554)
2019-06-18 22:54:22.425  INFO 5641 --- [http-nio-8080-exec-1] o.a.c.c.C.[Tomcat].[localhost].[/]       : Initializing Spring FrameworkServlet 'dispatcherServlet'
2019-06-18 22:54:22.426  INFO 5641 --- [http-nio-8080-exec-1] o.s.web.servlet.DispatcherServlet        : FrameworkServlet 'dispatcherServlet': initialization started
2019-06-18 22:54:22.499  INFO 5641 --- [http-nio-8080-exec-1] o.s.web.servlet.DispatcherServlet        : FrameworkServlet 'dispatcherServlet': initialization completed in 72 ms
2019-06-18 22:57:13.087  INFO 5641 --- [Thread-25] ConfigServletWebServerApplicationContext : Closing org.springframework.boot.web.servlet.context.AnnotationConfigServletWebServerApplicationContext@3a7e27ca: startup date [Tue Jun 18 22:53:09 CST 2019]; root of context hierarchy
2019-06-18 22:57:13.119  INFO 5641 --- [Thread-25] o.s.j.e.a.AnnotationMBeanExporter        : Unregistering JMX-exposed beans on shutdown
2019-06-18 22:57:34.294  INFO 5676 --- [restartedMain] com.renhe.PhoneCubeApplication           : Starting PhoneCubeApplication on jinchaoyangdeMacBook-Pro.local with PID 5676 (/Users/jinchaoyang/Workspaces/PetBanny/phone-cube/target/classes started by jinchaoyang in /Users/jinchaoyang/Workspaces/PetBanny/phone-cube)
2019-06-18 22:57:34.296  INFO 5676 --- [restartedMain] com.renhe.PhoneCubeApplication           : No active profile set, falling back to default profiles: default
2019-06-18 22:57:34.773  INFO 5676 --- [restartedMain] ConfigServletWebServerApplicationContext : Refreshing org.springframework.boot.web.servlet.context.AnnotationConfigServletWebServerApplicationContext@3779b4ba: startup date [Tue Jun 18 22:57:34 CST 2019]; root of context hierarchy
2019-06-18 22:57:36.570  INFO 5676 --- [restartedMain] .s.d.r.c.RepositoryConfigurationDelegate : Multiple Spring Data modules found, entering strict repository configuration mode!
2019-06-18 22:57:37.760  INFO 5676 --- [restartedMain] o.s.b.w.embedded.tomcat.TomcatWebServer  : Tomcat initialized with port(s): 8080 (http)
2019-06-18 22:57:37.788  INFO 5676 --- [restartedMain] o.apache.catalina.core.StandardService   : Starting service [Tomcat]
2019-06-18 22:57:37.789  INFO 5676 --- [restartedMain] org.apache.catalina.core.StandardEngine  : Starting Servlet Engine: Apache Tomcat/8.5.31
2019-06-18 22:57:37.795  INFO 5676 --- [localhost-startStop-1] o.a.catalina.core.AprLifecycleListener   : The APR based Apache Tomcat Native library which allows optimal performance in production environments was not found on the java.library.path: [/Users/jinchaoyang/Library/Java/Extensions:/Library/Java/Extensions:/Network/Library/Java/Extensions:/System/Library/Java/Extensions:/usr/lib/java:.]
2019-06-18 22:57:37.981  INFO 5676 --- [localhost-startStop-1] o.a.c.c.C.[Tomcat].[localhost].[/]       : Initializing Spring embedded WebApplicationContext
2019-06-18 22:57:37.982  INFO 5676 --- [localhost-startStop-1] o.s.web.context.ContextLoader            : Root WebApplicationContext: initialization completed in 3209 ms
2019-06-18 22:57:38.230  INFO 5676 --- [localhost-startStop-1] o.s.b.w.servlet.ServletRegistrationBean  : Servlet dispatcherServlet mapped to [/]
2019-06-18 22:57:38.237  INFO 5676 --- [localhost-startStop-1] o.s.b.w.servlet.FilterRegistrationBean   : Mapping filter: 'characterEncodingFilter' to: [/*]
2019-06-18 22:57:38.237  INFO 5676 --- [localhost-startStop-1] o.s.b.w.servlet.FilterRegistrationBean   : Mapping filter: 'hiddenHttpMethodFilter' to: [/*]
2019-06-18 22:57:38.238  INFO 5676 --- [localhost-startStop-1] o.s.b.w.servlet.FilterRegistrationBean   : Mapping filter: 'httpPutFormContentFilter' to: [/*]
2019-06-18 22:57:38.239  INFO 5676 --- [localhost-startStop-1] o.s.b.w.servlet.FilterRegistrationBean   : Mapping filter: 'requestContextFilter' to: [/*]
2019-06-18 22:57:38.888  INFO 5676 --- [restartedMain] o.s.w.s.handler.SimpleUrlHandlerMapping  : Mapped URL path [/**/favicon.ico] onto handler of type [class org.springframework.web.servlet.resource.ResourceHttpRequestHandler]
2019-06-18 22:57:39.210  INFO 5676 --- [restartedMain] s.w.s.m.m.a.RequestMappingHandlerAdapter : Looking for @ControllerAdvice: org.springframework.boot.web.servlet.context.AnnotationConfigServletWebServerApplicationContext@3779b4ba: startup date [Tue Jun 18 22:57:34 CST 2019]; root of context hierarchy
2019-06-18 22:57:39.279  INFO 5676 --- [restartedMain] s.w.s.m.m.a.RequestMappingHandlerMapping : Mapped "{[/],methods=[GET]}" onto public java.lang.String com.renhe.controller.ApplicationController.index()
2019-06-18 22:57:39.288  INFO 5676 --- [restartedMain] s.w.s.m.m.a.RequestMappingHandlerMapping : Mapped "{[/api/v1.0/black/check],methods=[POST]}" onto public com.alibaba.fastjson.JSONObject com.renhe.controller.BlackListController.check(javax.servlet.http.HttpServletRequest,java.io.BufferedReader)
2019-06-18 22:57:39.288  INFO 5676 --- [restartedMain] s.w.s.m.m.a.RequestMappingHandlerMapping : Mapped "{[/api/v1.0/black/verify],methods=[GET]}" onto public com.renhe.base.Result<com.alibaba.fastjson.JSONObject> com.renhe.controller.BlackListController.verify(java.lang.String)
2019-06-18 22:57:39.288  INFO 5676 --- [restartedMain] s.w.s.m.m.a.RequestMappingHandlerMapping : Mapped "{[/api/v1.0/black/batchVerify],methods=[GET]}" onto public com.renhe.base.Result<com.alibaba.fastjson.JSONObject> com.renhe.controller.BlackListController.batchVerify(java.lang.String)
2019-06-18 22:57:39.290  INFO 5676 --- [restartedMain] s.w.s.m.m.a.RequestMappingHandlerMapping : Mapped "{[/phone/upload],methods=[POST],produces=[application/json;charset=UTF-8]}" onto public java.lang.String com.renhe.controller.PhoneController.upload(org.springframework.web.multipart.MultipartFile,java.lang.String)
2019-06-18 22:57:39.291  INFO 5676 --- [restartedMain] s.w.s.m.m.a.RequestMappingHandlerMapping : Mapped "{[/phone/download],methods=[GET]}" onto public org.springframework.http.ResponseEntity<byte[]> com.renhe.controller.PhoneController.download(java.lang.String)
2019-06-18 22:57:39.293  INFO 5676 --- [restartedMain] s.w.s.m.m.a.RequestMappingHandlerMapping : Mapped "{[/error]}" onto public org.springframework.http.ResponseEntity<java.util.Map<java.lang.String, java.lang.Object>> org.springframework.boot.autoconfigure.web.servlet.error.BasicErrorController.error(javax.servlet.http.HttpServletRequest)
2019-06-18 22:57:39.294  INFO 5676 --- [restartedMain] s.w.s.m.m.a.RequestMappingHandlerMapping : Mapped "{[/error],produces=[text/html]}" onto public org.springframework.web.servlet.ModelAndView org.springframework.boot.autoconfigure.web.servlet.error.BasicErrorController.errorHtml(javax.servlet.http.HttpServletRequest,javax.servlet.http.HttpServletResponse)
2019-06-18 22:57:39.331  INFO 5676 --- [restartedMain] o.s.w.s.handler.SimpleUrlHandlerMapping  : Mapped URL path [/webjars/**] onto handler of type [class org.springframework.web.servlet.resource.ResourceHttpRequestHandler]
2019-06-18 22:57:39.331  INFO 5676 --- [restartedMain] o.s.w.s.handler.SimpleUrlHandlerMapping  : Mapped URL path [/static/**] onto handler of type [class org.springframework.web.servlet.resource.ResourceHttpRequestHandler]
2019-06-18 22:57:39.529  INFO 5676 --- [restartedMain] o.s.b.a.w.s.WelcomePageHandlerMapping    : Adding welcome page template: index
2019-06-18 22:57:40.010  INFO 5676 --- [restartedMain] o.s.b.d.a.OptionalLiveReloadServer       : LiveReload server is running on port 35729
2019-06-18 22:57:40.072  INFO 5676 --- [restartedMain] o.s.j.e.a.AnnotationMBeanExporter        : Registering beans for JMX exposure on startup
2019-06-18 22:57:40.173  INFO 5676 --- [restartedMain] o.s.b.w.embedded.tomcat.TomcatWebServer  : Tomcat started on port(s): 8080 (http) with context path ''
2019-06-18 22:57:40.182  INFO 5676 --- [restartedMain] com.renhe.PhoneCubeApplication           : Started PhoneCubeApplication in 6.866 seconds (JVM running for 8.913)
2019-06-18 22:57:49.652  INFO 5676 --- [http-nio-8080-exec-1] o.a.c.c.C.[Tomcat].[localhost].[/]       : Initializing Spring FrameworkServlet 'dispatcherServlet'
2019-06-18 22:57:49.652  INFO 5676 --- [http-nio-8080-exec-1] o.s.web.servlet.DispatcherServlet        : FrameworkServlet 'dispatcherServlet': initialization started
2019-06-18 22:57:49.680  INFO 5676 --- [http-nio-8080-exec-1] o.s.web.servlet.DispatcherServlet        : FrameworkServlet 'dispatcherServlet': initialization completed in 28 ms
2019-06-18 22:57:49.984  INFO 5676 --- [http-nio-8080-exec-1] io.lettuce.core.EpollProvider            : Starting without optional epoll library
2019-06-18 22:57:49.986  INFO 5676 --- [http-nio-8080-exec-1] io.lettuce.core.KqueueProvider           : Starting without optional kqueue library
2019-06-18 22:57:50.279  INFO 5676 --- [http-nio-8080-exec-1] c.renhe.controller.BlackListController   : params -> {"callId":"20190614","callee":"110"} ,result -> {"callId":"20190614","forbid":1}
2019-06-18 22:57:57.807  INFO 5676 --- [http-nio-8080-exec-2] c.renhe.controller.BlackListController   : params -> {"callId":"20190614","callee":"1110"} ,result -> {"callId":"20190614","forbid":1}
2019-06-18 22:58:08.605  INFO 5676 --- [http-nio-8080-exec-3] c.renhe.controller.BlackListController   : params -> {"callId":"20190614","callee":"18600544643"} ,result -> {"callId":"20190614"}
2019-06-18 22:58:13.955  INFO 5676 --- [Thread-24] ConfigServletWebServerApplicationContext : Closing org.springframework.boot.web.servlet.context.AnnotationConfigServletWebServerApplicationContext@3779b4ba: startup date [Tue Jun 18 22:57:34 CST 2019]; root of context hierarchy
2019-06-18 22:58:13.971  INFO 5676 --- [Thread-24] o.s.j.e.a.AnnotationMBeanExporter        : Unregistering JMX-exposed beans on shutdown
